<?xml version="1.0" encoding="UTF-8"?>
<!-- Generated by org.testng.reporters.JUnitXMLReporter -->
<testsuite ignored="0" hostname="DESKTOP-0UK4DGM" failures="0" tests="7" name="Default test" time="0.05" errors="0" timestamp="2021-07-08T17:16:31 IST">
  <testcase classname="test.FruitBowlTest" name="verifyAppleBowl" time="0.008"/>
  <testcase classname="test.FruitBowlTest" name="verifyBananaBowl" time="0.001"/>
  <testcase classname="test.FruitBowlTest" name="verifyCountofApples" time="0.0"/>
  <testcase classname="test.FruitBowlTest" name="verifyCountofBananas" time="0.0"/>
  <testcase classname="test.FruitBowlTest" name="verifyCountofOranges" time="0.0"/>
  <testcase classname="test.FruitBowlTest" name="verifyFruitBowl" time="0.0"/>
  <testcase classname="test.FruitBowlTest" name="verifyOrangeBowl" time="0.0"/>
</testsuite> <!-- Default test -->
