<?xml version="1.0" encoding="UTF-8"?>
<testng-results ignored="0" total="7" passed="7" failed="0" skipped="0">
  <reporter-output>
  </reporter-output>
  <suite started-at="2021-07-08T17:16:30 IST" name="Default suite" finished-at="2021-07-08T17:16:30 IST" duration-ms="50">
    <groups>
    </groups>
    <test started-at="2021-07-08T17:16:30 IST" name="Default test" finished-at="2021-07-08T17:16:30 IST" duration-ms="50">
      <class name="test.FruitBowlTest">
        <test-method signature="verifyAppleBowl()[pri:0, instance:test.FruitBowlTest@87a85e1]" started-at="2021-07-08T17:16:30 IST" name="verifyAppleBowl" finished-at="2021-07-08T17:16:30 IST" duration-ms="8" status="PASS">
          <reporter-output>
          </reporter-output>
        </test-method> <!-- verifyAppleBowl -->
        <test-method signature="verifyBananaBowl()[pri:0, instance:test.FruitBowlTest@87a85e1]" started-at="2021-07-08T17:16:30 IST" name="verifyBananaBowl" finished-at="2021-07-08T17:16:30 IST" duration-ms="1" status="PASS">
          <reporter-output>
          </reporter-output>
        </test-method> <!-- verifyBananaBowl -->
        <test-method signature="verifyCountofApples()[pri:0, instance:test.FruitBowlTest@87a85e1]" started-at="2021-07-08T17:16:30 IST" name="verifyCountofApples" finished-at="2021-07-08T17:16:30 IST" duration-ms="0" status="PASS">
          <reporter-output>
          </reporter-output>
        </test-method> <!-- verifyCountofApples -->
        <test-method signature="verifyCountofBananas()[pri:0, instance:test.FruitBowlTest@87a85e1]" started-at="2021-07-08T17:16:30 IST" name="verifyCountofBananas" finished-at="2021-07-08T17:16:30 IST" duration-ms="0" status="PASS">
          <reporter-output>
          </reporter-output>
        </test-method> <!-- verifyCountofBananas -->
        <test-method signature="verifyCountofOranges()[pri:0, instance:test.FruitBowlTest@87a85e1]" started-at="2021-07-08T17:16:30 IST" name="verifyCountofOranges" finished-at="2021-07-08T17:16:30 IST" duration-ms="0" status="PASS">
          <reporter-output>
          </reporter-output>
        </test-method> <!-- verifyCountofOranges -->
        <test-method signature="verifyFruitBowl()[pri:0, instance:test.FruitBowlTest@87a85e1]" started-at="2021-07-08T17:16:30 IST" name="verifyFruitBowl" finished-at="2021-07-08T17:16:30 IST" duration-ms="0" status="PASS">
          <reporter-output>
          </reporter-output>
        </test-method> <!-- verifyFruitBowl -->
        <test-method signature="verifyOrangeBowl()[pri:0, instance:test.FruitBowlTest@87a85e1]" started-at="2021-07-08T17:16:30 IST" name="verifyOrangeBowl" finished-at="2021-07-08T17:16:30 IST" duration-ms="0" status="PASS">
          <reporter-output>
          </reporter-output>
        </test-method> <!-- verifyOrangeBowl -->
      </class> <!-- test.FruitBowlTest -->
    </test> <!-- Default test -->
  </suite> <!-- Default suite -->
</testng-results>
