<?xml version="1.0" encoding="UTF-8"?>
<testng-results ignored="0" total="9" passed="9" failed="0" skipped="0">
  <reporter-output>
  </reporter-output>
  <suite started-at="2021-07-07T11:26:37 IST" name="Default suite" finished-at="2021-07-07T11:26:37 IST" duration-ms="49">
    <groups>
    </groups>
    <test started-at="2021-07-07T11:26:37 IST" name="Default test" finished-at="2021-07-07T11:26:37 IST" duration-ms="49">
      <class name="test.FruitBowlTest">
        <test-method is-config="true" signature="addFruits()[pri:0, instance:test.FruitBowlTest@3e6ef8ad]" started-at="2021-07-07T11:26:37 IST" name="addFruits" finished-at="2021-07-07T11:26:37 IST" duration-ms="4" status="PASS">
          <reporter-output>
          </reporter-output>
        </test-method> <!-- addFruits -->
        <test-method signature="segregateApples()[pri:0, instance:test.FruitBowlTest@3e6ef8ad]" started-at="2021-07-07T11:26:37 IST" name="segregateApples" finished-at="2021-07-07T11:26:37 IST" duration-ms="4" status="PASS">
          <reporter-output>
          </reporter-output>
        </test-method> <!-- segregateApples -->
        <test-method signature="segregateBananas()[pri:0, instance:test.FruitBowlTest@3e6ef8ad]" started-at="2021-07-07T11:26:37 IST" name="segregateBananas" finished-at="2021-07-07T11:26:37 IST" duration-ms="1" status="PASS">
          <reporter-output>
          </reporter-output>
        </test-method> <!-- segregateBananas -->
        <test-method signature="segregateOranges()[pri:0, instance:test.FruitBowlTest@3e6ef8ad]" started-at="2021-07-07T11:26:37 IST" name="segregateOranges" finished-at="2021-07-07T11:26:37 IST" duration-ms="1" status="PASS">
          <reporter-output>
          </reporter-output>
        </test-method> <!-- segregateOranges -->
        <test-method signature="verifyAppleBowl()[pri:0, instance:test.FruitBowlTest@3e6ef8ad]" started-at="2021-07-07T11:26:37 IST" name="verifyAppleBowl" finished-at="2021-07-07T11:26:37 IST" duration-ms="3" status="PASS">
          <reporter-output>
          </reporter-output>
        </test-method> <!-- verifyAppleBowl -->
        <test-method signature="verifyBananaBowl()[pri:0, instance:test.FruitBowlTest@3e6ef8ad]" started-at="2021-07-07T11:26:37 IST" name="verifyBananaBowl" finished-at="2021-07-07T11:26:37 IST" duration-ms="0" status="PASS">
          <reporter-output>
          </reporter-output>
        </test-method> <!-- verifyBananaBowl -->
        <test-method signature="verifyCountofApples()[pri:0, instance:test.FruitBowlTest@3e6ef8ad]" started-at="2021-07-07T11:26:37 IST" name="verifyCountofApples" finished-at="2021-07-07T11:26:37 IST" duration-ms="1" status="PASS">
          <reporter-output>
          </reporter-output>
        </test-method> <!-- verifyCountofApples -->
        <test-method signature="verifyCountofBananas()[pri:0, instance:test.FruitBowlTest@3e6ef8ad]" started-at="2021-07-07T11:26:37 IST" name="verifyCountofBananas" finished-at="2021-07-07T11:26:37 IST" duration-ms="1" status="PASS">
          <reporter-output>
          </reporter-output>
        </test-method> <!-- verifyCountofBananas -->
        <test-method signature="verifyCountofOranges()[pri:0, instance:test.FruitBowlTest@3e6ef8ad]" started-at="2021-07-07T11:26:37 IST" name="verifyCountofOranges" finished-at="2021-07-07T11:26:37 IST" duration-ms="1" status="PASS">
          <reporter-output>
          </reporter-output>
        </test-method> <!-- verifyCountofOranges -->
        <test-method signature="verifyOrangeBowl()[pri:0, instance:test.FruitBowlTest@3e6ef8ad]" started-at="2021-07-07T11:26:37 IST" name="verifyOrangeBowl" finished-at="2021-07-07T11:26:37 IST" duration-ms="2" status="PASS">
          <reporter-output>
          </reporter-output>
        </test-method> <!-- verifyOrangeBowl -->
      </class> <!-- test.FruitBowlTest -->
    </test> <!-- Default test -->
  </suite> <!-- Default suite -->
</testng-results>
